2017-08-02 16:37:29 [INFO] in <module>: Starting SpiceSync
2017-08-02 16:37:29 [INFO] in getMK: Success fetching mk/ROS_V030.TM with 227 lines in it
2017-08-02 16:37:29 [INFO] in parseFileList: Metakernel parsed, 88 kernel files found
2017-08-02 16:37:29 [INFO] in doSync: Start Syncing from ftp://ssols01.esac.esa.int/pub/data/SPICE//ROSETTA/kernels/ to /mnt/PhD/spice/kernels/
2017-08-02 16:37:29 [ERROR] in doSync: Could not sync the files on a list
Traceback (most recent call last):
  File "/mnt/PhD/spice/spicesync.py", line 93, in doSync
    os.mkdir(localPath+dirs[-1])
FileNotFoundError: [Errno 2] No such file or directory: '/mnt/PhD/spice/kernels/lsk'
2017-08-02 16:37:29 [ERROR] in <module>: Quitting due to errors during doSync()
2017-08-02 16:38:05 [INFO] in <module>: Starting SpiceSync
2017-08-02 16:38:06 [INFO] in getMK: Success fetching mk/ROS_V030.TM with 227 lines in it
2017-08-02 16:38:06 [INFO] in parseFileList: Metakernel parsed, 88 kernel files found
2017-08-02 16:38:06 [INFO] in doSync: Start Syncing from ftp://ssols01.esac.esa.int/pub/data/SPICE//ROSETTA/kernels/ to /mnt/PhD/spice/kernels/
2017-08-02 16:38:06 [ERROR] in doSync: Could not sync the files on a list
Traceback (most recent call last):
  File "/mnt/PhD/spice/spicesync.py", line 93, in doSync
    os.mkdir(localPath+dirs[-1])
FileNotFoundError: [Errno 2] No such file or directory: '/mnt/PhD/spice/kernels/lsk'
2017-08-02 16:38:06 [ERROR] in <module>: Quitting due to errors during doSync()
2017-08-02 16:38:49 [INFO] in <module>: Starting SpiceSync
2017-08-02 16:38:49 [INFO] in getMK: Success fetching mk/ROS_V030.TM with 227 lines in it
2017-08-02 16:38:49 [INFO] in parseFileList: Metakernel parsed, 88 kernel files found
2017-08-02 16:38:49 [INFO] in doSync: Start Syncing from ftp://ssols01.esac.esa.int/pub/data/SPICE//ROSETTA/kernels/ to /mnt/PhD/spice/kernels/
2017-08-02 16:38:49 [ERROR] in doSync: Could not sync the files on a list
Traceback (most recent call last):
  File "/mnt/PhD/spice/spicesync.py", line 93, in doSync
    os.mkdir(localPath+dirs[-1])
FileNotFoundError: [Errno 2] No such file or directory: '/mnt/PhD/spice/kernels/lsk'
2017-08-02 16:38:49 [ERROR] in <module>: Quitting due to errors during doSync()
2017-08-02 16:39:20 [INFO] in <module>: Starting SpiceSync
2017-08-02 16:39:21 [INFO] in getMK: Success fetching mk/ROS_V030.TM with 227 lines in it
2017-08-02 16:39:21 [INFO] in parseFileList: Metakernel parsed, 88 kernel files found
2017-08-02 16:39:21 [INFO] in doSync: Start Syncing from ftp://ssols01.esac.esa.int/pub/data/SPICE//ROSETTA/kernels/ to /mnt/PhD/spice/kernels/
2017-08-02 16:39:21 [ERROR] in doSync: Could not sync the files on a list
Traceback (most recent call last):
  File "/mnt/PhD/spice/spicesync.py", line 93, in doSync
    os.mkdir(localPath+dirs[-1])
FileNotFoundError: [Errno 2] No such file or directory: '/mnt/PhD/spice/kernels/lsk'
2017-08-02 16:39:21 [ERROR] in <module>: Quitting due to errors during doSync()
2017-08-02 16:41:20 [INFO] in <module>: Starting SpiceSync
2017-08-02 16:41:20 [INFO] in getMK: Success fetching mk/ROS_V030.TM with 227 lines in it
2017-08-02 16:41:20 [INFO] in parseFileList: Metakernel parsed, 88 kernel files found
2017-08-02 16:41:20 [INFO] in doSync: Start Syncing from ftp://ssols01.esac.esa.int/pub/data/SPICE//ROSETTA/kernels/ to /mnt/PhD/spice/kernels/
2017-08-02 16:41:20 [ERROR] in doSync: Could not sync the files on a list
Traceback (most recent call last):
  File "/mnt/PhD/spice/spicesync.py", line 93, in doSync
    os.mkdir(localPath+dirs[-1])
FileNotFoundError: [Errno 2] No such file or directory: '/mnt/PhD/spice/kernels/lsk'
2017-08-02 16:41:20 [ERROR] in <module>: Quitting due to errors during doSync()
2017-08-02 16:50:02 [INFO] in <module>: Starting SpiceSync
2017-08-02 16:50:03 [INFO] in getMK: Success fetching mk/ROS_V030.TM with 227 lines in it
2017-08-02 16:50:03 [INFO] in parseFileList: Metakernel parsed, 88 kernel files found
2017-08-02 16:50:03 [INFO] in doSync: Start Syncing from ftp://ssols01.esac.esa.int/pub/data/SPICE//ROSETTA/kernels/ to /mnt/PhD/spice/kernels/
2017-08-02 16:50:03 [ERROR] in doSync: Could not sync the files on a list
Traceback (most recent call last):
  File "/mnt/PhD/spice/spicesync.py", line 93, in doSync
    os.mkdir(localPath+dirs[-1])
FileNotFoundError: [Errno 2] No such file or directory: '/mnt/PhD/spice/kernels/lsk'
2017-08-02 16:50:03 [ERROR] in <module>: Quitting due to errors during doSync()
2017-08-02 16:50:53 [INFO] in <module>: Starting SpiceSync
2017-08-02 16:50:53 [INFO] in getMK: Success fetching mk/ROS_V030.TM with 227 lines in it
2017-08-02 16:50:53 [INFO] in parseFileList: Metakernel parsed, 88 kernel files found
2017-08-02 16:50:53 [INFO] in doSync: Start Syncing from ftp://ssols01.esac.esa.int/pub/data/SPICE//ROSETTA/kernels/ to /mnt/PhD/spice/kernels/
2017-08-02 16:50:53 [ERROR] in doSync: Could not sync the files on a list
Traceback (most recent call last):
  File "/mnt/PhD/spice/spicesync.py", line 93, in doSync
    os.mkdir(localPath+dirs[-1])
FileNotFoundError: [Errno 2] No such file or directory: '/mnt/PhD/spice/kernels/lsk'
2017-08-02 16:50:53 [ERROR] in <module>: Quitting due to errors during doSync()
2017-08-02 16:51:58 [INFO] in <module>: Starting SpiceSync
2017-08-02 16:51:58 [INFO] in getMK: Success fetching mk/ROS_V030.TM with 227 lines in it
2017-08-02 16:51:58 [INFO] in parseFileList: Metakernel parsed, 88 kernel files found
2017-08-02 16:51:58 [INFO] in doSync: Start Syncing from ftp://ssols01.esac.esa.int/pub/data/SPICE//ROSETTA/kernels/ to /mnt/PhD/spice/kernels/
2017-08-02 16:51:58 [ERROR] in doSync: Could not sync the files on a list
Traceback (most recent call last):
  File "/mnt/PhD/spice/spicesync.py", line 93, in doSync
    os.mkdir(localPath+dirs[-1])
FileNotFoundError: [Errno 2] No such file or directory: '/mnt/PhD/spice/kernels/lsk'
2017-08-02 16:51:58 [ERROR] in <module>: Quitting due to errors during doSync()
2017-08-02 16:52:26 [INFO] in <module>: Starting SpiceSync
2017-08-02 16:52:26 [INFO] in getMK: Success fetching mk/ROS_V030.TM with 227 lines in it
2017-08-02 16:52:26 [INFO] in parseFileList: Metakernel parsed, 88 kernel files found
2017-08-02 16:52:26 [INFO] in doSync: Start Syncing from ftp://ssols01.esac.esa.int/pub/data/SPICE//ROSETTA/kernels/ to /mnt/PhD/spice/kernels/
2017-08-02 16:52:26 [ERROR] in doSync: Could not sync the files on a list
Traceback (most recent call last):
  File "/mnt/PhD/spice/spicesync.py", line 93, in doSync
    os.mkdir(localPath+dirs[-1])
FileNotFoundError: [Errno 2] No such file or directory: '/mnt/PhD/spice/kernels/lsk'
2017-08-02 16:52:26 [ERROR] in <module>: Quitting due to errors during doSync()
2017-08-02 16:52:42 [INFO] in <module>: Starting SpiceSync
2017-08-02 16:52:43 [INFO] in getMK: Success fetching mk/ROS_V030.TM with 227 lines in it
2017-08-02 16:52:43 [INFO] in parseFileList: Metakernel parsed, 88 kernel files found
2017-08-02 16:52:43 [INFO] in doSync: Start Syncing from ftp://ssols01.esac.esa.int/pub/data/SPICE//ROSETTA/kernels/ to /mnt/PhD/spice/kernels/
2017-08-02 16:52:43 [ERROR] in doSync: Could not sync the files on a list
Traceback (most recent call last):
  File "/mnt/PhD/spice/spicesync.py", line 93, in doSync
    os.mkdir(localPath+dirs[-1])
FileNotFoundError: [Errno 2] No such file or directory: '/mnt/PhD/spice/kernels/lsk'
2017-08-02 16:52:43 [ERROR] in <module>: Quitting due to errors during doSync()
2017-08-02 16:52:55 [INFO] in <module>: Starting SpiceSync
2017-08-02 16:52:55 [INFO] in getMK: Success fetching mk/ROS_V030.TM with 227 lines in it
2017-08-02 16:52:55 [INFO] in parseFileList: Metakernel parsed, 88 kernel files found
2017-08-02 16:52:55 [INFO] in doSync: Start Syncing from ftp://ssols01.esac.esa.int/pub/data/SPICE//ROSETTA/kernels/ to /mnt/PhD/spice/kernels/
2017-08-02 16:52:55 [ERROR] in doSync: Could not sync the files on a list
Traceback (most recent call last):
  File "/mnt/PhD/spice/spicesync.py", line 93, in doSync
    os.mkdir(localPath+dirs[-1])
FileNotFoundError: [Errno 2] No such file or directory: '/mnt/PhD/spice/kernels/lsk'
2017-08-02 16:52:55 [ERROR] in <module>: Quitting due to errors during doSync()
2017-08-02 16:53:45 [INFO] in <module>: Starting SpiceSync
2017-08-02 16:53:45 [INFO] in getMK: Success fetching mk/ROS_V030.TM with 227 lines in it
2017-08-02 16:53:45 [INFO] in parseFileList: Metakernel parsed, 88 kernel files found
2017-08-02 16:53:45 [INFO] in doSync: Start Syncing from ftp://ssols01.esac.esa.int/pub/data/SPICE//ROSETTA/kernels/ to /mnt/PhD/spice/kernels/
2017-08-02 16:53:45 [ERROR] in doSync: Could not sync the files on a list
Traceback (most recent call last):
  File "/mnt/PhD/spice/spicesync.py", line 93, in doSync
    os.mkdir(localPath+dirs[-1])
FileNotFoundError: [Errno 2] No such file or directory: '/mnt/PhD/spice/kernels/lsk'
2017-08-02 16:53:45 [ERROR] in <module>: Quitting due to errors during doSync()
2017-08-02 16:55:02 [INFO] in <module>: Starting SpiceSync
2017-08-02 16:55:02 [INFO] in getMK: Success fetching mk/ROS_V030.TM with 227 lines in it
2017-08-02 16:55:02 [INFO] in parseFileList: Metakernel parsed, 88 kernel files found
2017-08-02 16:55:02 [INFO] in doSync: Start Syncing from ftp://ssols01.esac.esa.int/pub/data/SPICE//ROSETTA/kernels/ to /mnt/PhD/spice/kernels/
2017-08-02 16:55:02 [ERROR] in doSync: Could not sync the files on a list
Traceback (most recent call last):
  File "/mnt/PhD/spice/spicesync.py", line 93, in doSync
    os.mkdir(localPath+dirs[-1])
FileNotFoundError: [Errno 2] No such file or directory: '/mnt/PhD/spice/kernels/lsk'
2017-08-02 16:55:02 [ERROR] in <module>: Quitting due to errors during doSync()
2017-08-02 16:56:00 [INFO] in <module>: Starting SpiceSync
2017-08-02 16:56:00 [INFO] in getMK: Success fetching mk/ROS_V030.TM with 227 lines in it
2017-08-02 16:56:00 [INFO] in parseFileList: Metakernel parsed, 88 kernel files found
2017-08-02 16:56:00 [INFO] in doSync: Start Syncing from ftp://ssols01.esac.esa.int/pub/data/SPICE//ROSETTA/kernels/ to /mnt/PhD/spice/kernels/
2017-08-02 16:56:00 [ERROR] in doSync: Could not sync the files on a list
Traceback (most recent call last):
  File "/mnt/PhD/spice/spicesync.py", line 93, in doSync
    os.mkdir(localPath+dirs[-1])
FileNotFoundError: [Errno 2] No such file or directory: '/mnt/PhD/spice/kernels/lsk'
2017-08-02 16:56:00 [ERROR] in <module>: Quitting due to errors during doSync()
2017-08-02 16:56:30 [INFO] in <module>: Starting SpiceSync
2017-08-02 16:56:30 [INFO] in getMK: Success fetching mk/ROS_V030.TM with 227 lines in it
2017-08-02 16:56:30 [INFO] in parseFileList: Metakernel parsed, 88 kernel files found
2017-08-02 16:56:30 [INFO] in doSync: Start Syncing from ftp://ssols01.esac.esa.int/pub/data/SPICE//ROSETTA/kernels/ to /mnt/PhD/spice/kernels/
2017-08-02 16:56:30 [ERROR] in doSync: Could not sync the files on a list
Traceback (most recent call last):
  File "/mnt/PhD/spice/spicesync.py", line 94, in doSync
    os.mkdir(localPath+dirs[-1])
FileNotFoundError: [Errno 2] No such file or directory: '/mnt/PhD/spice/kernels/lsk'
2017-08-02 16:56:30 [ERROR] in <module>: Quitting due to errors during doSync()
2017-08-02 16:57:09 [INFO] in <module>: Starting SpiceSync
2017-08-02 16:57:09 [INFO] in getMK: Success fetching mk/ROS_V030.TM with 227 lines in it
2017-08-02 16:57:09 [INFO] in parseFileList: Metakernel parsed, 88 kernel files found
2017-08-02 16:57:10 [INFO] in doSync: Start Syncing from ftp://ssols01.esac.esa.int/pub/data/SPICE//ROSETTA/kernels/ to /mnt/PhD/spice/kernels/
2017-08-02 16:57:10 [ERROR] in doSync: Could not sync the files on a list
Traceback (most recent call last):
  File "/mnt/PhD/spice/spicesync.py", line 94, in doSync
    os.mkdir(localPath+dirs[-1])
FileNotFoundError: [Errno 2] No such file or directory: '/mnt/PhD/spice/kernels/lsk'
2017-08-02 16:57:10 [ERROR] in <module>: Quitting due to errors during doSync()
2017-08-02 16:58:15 [INFO] in <module>: Starting SpiceSync
2017-08-02 16:58:15 [INFO] in getMK: Success fetching mk/ROS_V030.TM with 227 lines in it
2017-08-02 16:58:15 [INFO] in parseFileList: Metakernel parsed, 88 kernel files found
2017-08-02 16:58:15 [INFO] in doSync: Start Syncing from ftp://ssols01.esac.esa.int/pub/data/SPICE//ROSETTA/kernels/ to /mnt/PhD/spice/kernels/
2017-08-02 16:58:15 [ERROR] in doSync: Could not sync the files on a list
Traceback (most recent call last):
  File "/mnt/PhD/spice/spicesync.py", line 94, in doSync
    os.mkdir(localPath+dirs[-1])
FileNotFoundError: [Errno 2] No such file or directory: '/mnt/PhD/spice/kernels/lsk'
2017-08-02 16:58:15 [ERROR] in <module>: Quitting due to errors during doSync()
2017-08-02 17:00:17 [INFO] in <module>: Starting SpiceSync
2017-08-02 17:00:17 [INFO] in getMK: Success fetching mk/ROS_V030.TM with 227 lines in it
2017-08-02 17:00:17 [INFO] in parseFileList: Metakernel parsed, 88 kernel files found
2017-08-02 17:00:17 [INFO] in doSync: Start Syncing from ftp://ssols01.esac.esa.int/pub/data/SPICE//ROSETTA/kernels/ to /mnt/PhD/spice/kernels/
2017-08-02 17:00:18 [DEBUG] in doSync: Processing /pub/data/SPICE//ROSETTA/kernels/lsk/NAIF0011.TLS
2017-08-02 17:00:18 [DEBUG] in doSync: Downloaded /pub/data/SPICE//ROSETTA/kernels/lsk/NAIF0011.TLS no such file found locally
2017-08-02 17:00:18 [DEBUG] in doSync: Processing /pub/data/SPICE//ROSETTA/kernels/sclk/ROS_160929_STEP.TSC
2017-08-02 17:00:18 [DEBUG] in doSync: Downloaded /pub/data/SPICE//ROSETTA/kernels/sclk/ROS_160929_STEP.TSC no such file found locally
2017-08-02 17:00:18 [DEBUG] in doSync: Processing /pub/data/SPICE//ROSETTA/kernels/pck/PCK00010.TPC
2017-08-02 17:00:18 [DEBUG] in doSync: Downloaded /pub/data/SPICE//ROSETTA/kernels/pck/PCK00010.TPC no such file found locally
2017-08-02 17:00:18 [DEBUG] in doSync: Processing /pub/data/SPICE//ROSETTA/kernels/pck/DE403_MASSES.TPC
2017-08-02 17:00:18 [DEBUG] in doSync: Downloaded /pub/data/SPICE//ROSETTA/kernels/pck/DE403_MASSES.TPC no such file found locally
2017-08-02 17:00:18 [DEBUG] in doSync: Processing /pub/data/SPICE//ROSETTA/kernels/pck/former_versions/EARTH_000101_170227_161206.BPC
2017-08-02 17:00:20 [DEBUG] in doSync: Downloaded /pub/data/SPICE//ROSETTA/kernels/pck/former_versions/EARTH_000101_170227_161206.BPC no such file found locally
2017-08-02 17:00:20 [DEBUG] in doSync: Processing /pub/data/SPICE//ROSETTA/kernels/pck/ROS_LUTETIA_RSOC_V03.TPC
2017-08-02 17:00:20 [DEBUG] in doSync: Downloaded /pub/data/SPICE//ROSETTA/kernels/pck/ROS_LUTETIA_RSOC_V03.TPC no such file found locally
2017-08-02 17:00:20 [DEBUG] in doSync: Processing /pub/data/SPICE//ROSETTA/kernels/pck/ROS_STEINS_V05.TPC
2017-08-02 17:00:20 [DEBUG] in doSync: Downloaded /pub/data/SPICE//ROSETTA/kernels/pck/ROS_STEINS_V05.TPC no such file found locally
2017-08-02 17:00:20 [DEBUG] in doSync: Processing /pub/data/SPICE//ROSETTA/kernels/pck/ROS_STEINS_V05.TPC
2017-08-02 17:00:20 [DEBUG] in doSync: Local file /mnt/PhD/spice/kernels/pck/ROS_STEINS_V05.TPC up to date
2017-08-02 17:00:20 [DEBUG] in doSync: Processing /pub/data/SPICE//ROSETTA/kernels/pck/ROS_CG_RAD_V10.TPC
2017-08-02 17:00:20 [DEBUG] in doSync: Downloaded /pub/data/SPICE//ROSETTA/kernels/pck/ROS_CG_RAD_V10.TPC no such file found locally
2017-08-02 17:00:20 [DEBUG] in doSync: Processing /pub/data/SPICE//ROSETTA/kernels/fk/EARTHFIXEDITRF93.TF
2017-08-02 17:00:20 [DEBUG] in doSync: Downloaded /pub/data/SPICE//ROSETTA/kernels/fk/EARTHFIXEDITRF93.TF no such file found locally
2017-08-02 17:00:20 [DEBUG] in doSync: Processing /pub/data/SPICE//ROSETTA/kernels/fk/EARTH_TOPO_050714.TF
2017-08-02 17:00:20 [DEBUG] in doSync: Downloaded /pub/data/SPICE//ROSETTA/kernels/fk/EARTH_TOPO_050714.TF no such file found locally
2017-08-02 17:00:20 [DEBUG] in doSync: Processing /pub/data/SPICE//ROSETTA/kernels/fk/ESTRACK_V01.TF
2017-08-02 17:00:20 [DEBUG] in doSync: Downloaded /pub/data/SPICE//ROSETTA/kernels/fk/ESTRACK_V01.TF no such file found locally
2017-08-02 17:00:20 [DEBUG] in doSync: Processing /pub/data/SPICE//ROSETTA/kernels/fk/NEW_NORCIA_TOPO.TF
2017-08-02 17:00:20 [DEBUG] in doSync: Downloaded /pub/data/SPICE//ROSETTA/kernels/fk/NEW_NORCIA_TOPO.TF no such file found locally
2017-08-02 17:00:20 [DEBUG] in doSync: Processing /pub/data/SPICE//ROSETTA/kernels/fk/ROS_LUTETIA_RSOC_V03.TF
2017-08-02 17:00:20 [DEBUG] in doSync: Downloaded /pub/data/SPICE//ROSETTA/kernels/fk/ROS_LUTETIA_RSOC_V03.TF no such file found locally
2017-08-02 17:00:20 [DEBUG] in doSync: Processing /pub/data/SPICE//ROSETTA/kernels/fk/RSSD0002.TF
2017-08-02 17:00:20 [DEBUG] in doSync: Downloaded /pub/data/SPICE//ROSETTA/kernels/fk/RSSD0002.TF no such file found locally
2017-08-02 17:00:20 [DEBUG] in doSync: Processing /pub/data/SPICE//ROSETTA/kernels/fk/ROS_V27.TF
2017-08-02 17:00:20 [DEBUG] in doSync: Downloaded /pub/data/SPICE//ROSETTA/kernels/fk/ROS_V27.TF no such file found locally
2017-08-02 17:00:20 [DEBUG] in doSync: Processing /pub/data/SPICE//ROSETTA/kernels/ik/ROS_ALICE_V16.TI
2017-08-02 17:00:20 [DEBUG] in doSync: Downloaded /pub/data/SPICE//ROSETTA/kernels/ik/ROS_ALICE_V16.TI no such file found locally
2017-08-02 17:00:20 [DEBUG] in doSync: Processing /pub/data/SPICE//ROSETTA/kernels/ik/ROS_CIVA_V10.TI
2017-08-02 17:00:20 [DEBUG] in doSync: Downloaded /pub/data/SPICE//ROSETTA/kernels/ik/ROS_CIVA_V10.TI no such file found locally
2017-08-02 17:00:20 [DEBUG] in doSync: Processing /pub/data/SPICE//ROSETTA/kernels/ik/ROS_CONSERT_V11.TI
2017-08-02 17:00:20 [DEBUG] in doSync: Downloaded /pub/data/SPICE//ROSETTA/kernels/ik/ROS_CONSERT_V11.TI no such file found locally
2017-08-02 17:00:20 [DEBUG] in doSync: Processing /pub/data/SPICE//ROSETTA/kernels/ik/ROS_COSIMA_V13.TI
2017-08-02 17:00:20 [DEBUG] in doSync: Downloaded /pub/data/SPICE//ROSETTA/kernels/ik/ROS_COSIMA_V13.TI no such file found locally
2017-08-02 17:00:20 [DEBUG] in doSync: Processing /pub/data/SPICE//ROSETTA/kernels/ik/ROS_DIM_V11.TI
2017-08-02 17:00:20 [DEBUG] in doSync: Downloaded /pub/data/SPICE//ROSETTA/kernels/ik/ROS_DIM_V11.TI no such file found locally
2017-08-02 17:00:20 [DEBUG] in doSync: Processing /pub/data/SPICE//ROSETTA/kernels/ik/ROS_GIADA_V12.TI
2017-08-02 17:00:20 [DEBUG] in doSync: Downloaded /pub/data/SPICE//ROSETTA/kernels/ik/ROS_GIADA_V12.TI no such file found locally
2017-08-02 17:00:20 [DEBUG] in doSync: Processing /pub/data/SPICE//ROSETTA/kernels/ik/ROS_MIDAS_V10.TI
2017-08-02 17:00:20 [DEBUG] in doSync: Downloaded /pub/data/SPICE//ROSETTA/kernels/ik/ROS_MIDAS_V10.TI no such file found locally
2017-08-02 17:00:20 [DEBUG] in doSync: Processing /pub/data/SPICE//ROSETTA/kernels/ik/ROS_MIRO_V10.TI
2017-08-02 17:00:20 [DEBUG] in doSync: Downloaded /pub/data/SPICE//ROSETTA/kernels/ik/ROS_MIRO_V10.TI no such file found locally
2017-08-02 17:00:20 [DEBUG] in doSync: Processing /pub/data/SPICE//ROSETTA/kernels/ik/ROS_NAVCAM_V01.TI
2017-08-02 17:00:20 [DEBUG] in doSync: Downloaded /pub/data/SPICE//ROSETTA/kernels/ik/ROS_NAVCAM_V01.TI no such file found locally
2017-08-02 17:00:20 [DEBUG] in doSync: Processing /pub/data/SPICE//ROSETTA/kernels/ik/ROS_OSIRIS_V13.TI
2017-08-02 17:00:20 [DEBUG] in doSync: Downloaded /pub/data/SPICE//ROSETTA/kernels/ik/ROS_OSIRIS_V13.TI no such file found locally
2017-08-02 17:00:20 [DEBUG] in doSync: Processing /pub/data/SPICE//ROSETTA/kernels/ik/ROS_ROLIS_V03.TI
2017-08-02 17:00:20 [DEBUG] in doSync: Downloaded /pub/data/SPICE//ROSETTA/kernels/ik/ROS_ROLIS_V03.TI no such file found locally
2017-08-02 17:00:20 [DEBUG] in doSync: Processing /pub/data/SPICE//ROSETTA/kernels/ik/ROS_ROSINA_V12.TI
2017-08-02 17:00:20 [DEBUG] in doSync: Downloaded /pub/data/SPICE//ROSETTA/kernels/ik/ROS_ROSINA_V12.TI no such file found locally
2017-08-02 17:00:20 [DEBUG] in doSync: Processing /pub/data/SPICE//ROSETTA/kernels/ik/ROS_RPC_V18.TI
2017-08-02 17:00:20 [DEBUG] in doSync: Downloaded /pub/data/SPICE//ROSETTA/kernels/ik/ROS_RPC_V18.TI no such file found locally
2017-08-02 17:00:20 [DEBUG] in doSync: Processing /pub/data/SPICE//ROSETTA/kernels/ik/ROS_STR_V11.TI
2017-08-02 17:00:20 [DEBUG] in doSync: Downloaded /pub/data/SPICE//ROSETTA/kernels/ik/ROS_STR_V11.TI no such file found locally
2017-08-02 17:00:20 [DEBUG] in doSync: Processing /pub/data/SPICE//ROSETTA/kernels/ik/ROS_VIRTIS_V13.TI
2017-08-02 17:00:20 [DEBUG] in doSync: Downloaded /pub/data/SPICE//ROSETTA/kernels/ik/ROS_VIRTIS_V13.TI no such file found locally
2017-08-02 17:00:20 [DEBUG] in doSync: Processing /pub/data/SPICE//ROSETTA/kernels/spk/DE405.BSP
2017-08-02 17:00:22 [DEBUG] in doSync: Downloaded /pub/data/SPICE//ROSETTA/kernels/spk/DE405.BSP no such file found locally
2017-08-02 17:00:22 [DEBUG] in doSync: Processing /pub/data/SPICE//ROSETTA/kernels/spk/OUTERPLANETS_V0002.BSP
2017-08-02 17:00:22 [ERROR] in doSync: /pub/data/SPICE//ROSETTA/kernels/spk/OUTERPLANETS_V0002.BSP not found on server
2017-08-02 17:00:22 [DEBUG] in doSync: Processing /pub/data/SPICE//ROSETTA/kernels/spk/EARTHSTNS_ITRF93_050714.BSP
2017-08-02 17:00:22 [DEBUG] in doSync: Downloaded /pub/data/SPICE//ROSETTA/kernels/spk/EARTHSTNS_ITRF93_050714.BSP no such file found locally
2017-08-02 17:00:22 [DEBUG] in doSync: Processing /pub/data/SPICE//ROSETTA/kernels/spk/ESTRACK_V01.BSP
2017-08-02 17:00:22 [DEBUG] in doSync: Downloaded /pub/data/SPICE//ROSETTA/kernels/spk/ESTRACK_V01.BSP no such file found locally
2017-08-02 17:00:22 [DEBUG] in doSync: Processing /pub/data/SPICE//ROSETTA/kernels/spk/NEW_NORCIA.BSP
2017-08-02 17:00:22 [DEBUG] in doSync: Downloaded /pub/data/SPICE//ROSETTA/kernels/spk/NEW_NORCIA.BSP no such file found locally
2017-08-02 17:00:22 [DEBUG] in doSync: Processing /pub/data/SPICE//ROSETTA/kernels/spk/TEMPEL1_9P_DI_P.BSP
2017-08-02 17:00:22 [DEBUG] in doSync: Downloaded /pub/data/SPICE//ROSETTA/kernels/spk/TEMPEL1_9P_DI_P.BSP no such file found locally
2017-08-02 17:00:22 [DEBUG] in doSync: Processing /pub/data/SPICE//ROSETTA/kernels/spk/former_versions/21_LUTETIA_2004_2016.BSP
2017-08-02 17:00:22 [DEBUG] in doSync: Downloaded /pub/data/SPICE//ROSETTA/kernels/spk/former_versions/21_LUTETIA_2004_2016.BSP no such file found locally
2017-08-02 17:00:22 [DEBUG] in doSync: Processing /pub/data/SPICE//ROSETTA/kernels/spk/ORHS_______________00109.BSP
2017-08-02 17:00:22 [DEBUG] in doSync: Downloaded /pub/data/SPICE//ROSETTA/kernels/spk/ORHS_______________00109.BSP no such file found locally
2017-08-02 17:00:22 [DEBUG] in doSync: Processing /pub/data/SPICE//ROSETTA/kernels/spk/former_versions/2867_STEINS_2004_2016.BSP
2017-08-02 17:00:22 [DEBUG] in doSync: Downloaded /pub/data/SPICE//ROSETTA/kernels/spk/former_versions/2867_STEINS_2004_2016.BSP no such file found locally
2017-08-02 17:00:22 [DEBUG] in doSync: Processing /pub/data/SPICE//ROSETTA/kernels/spk/ORHO_______________00077.BSP
2017-08-02 17:00:22 [DEBUG] in doSync: Downloaded /pub/data/SPICE//ROSETTA/kernels/spk/ORHO_______________00077.BSP no such file found locally
2017-08-02 17:00:22 [DEBUG] in doSync: Processing /pub/data/SPICE//ROSETTA/kernels/spk/former_versions/ORHW_______________00016.BSP
2017-08-02 17:00:22 [DEBUG] in doSync: Downloaded /pub/data/SPICE//ROSETTA/kernels/spk/former_versions/ORHW_______________00016.BSP no such file found locally
2017-08-02 17:00:22 [DEBUG] in doSync: Processing /pub/data/SPICE//ROSETTA/kernels/spk/ORHW_______________00122.BSP
2017-08-02 17:00:22 [DEBUG] in doSync: Downloaded /pub/data/SPICE//ROSETTA/kernels/spk/ORHW_______________00122.BSP no such file found locally
2017-08-02 17:00:22 [DEBUG] in doSync: Processing /pub/data/SPICE//ROSETTA/kernels/spk/former_versions/CORB_DV_145_01___T19_00216.BSP
2017-08-02 17:00:23 [DEBUG] in doSync: Downloaded /pub/data/SPICE//ROSETTA/kernels/spk/former_versions/CORB_DV_145_01___T19_00216.BSP no such file found locally
2017-08-02 17:00:23 [DEBUG] in doSync: Processing /pub/data/SPICE//ROSETTA/kernels/spk/former_versions/CORB_DV_223_01___T19_00302.BSP
2017-08-02 17:00:23 [DEBUG] in doSync: Downloaded /pub/data/SPICE//ROSETTA/kernels/spk/former_versions/CORB_DV_223_01___T19_00302.BSP no such file found locally
2017-08-02 17:00:23 [DEBUG] in doSync: Processing /pub/data/SPICE//ROSETTA/kernels/spk/CORB_DV_257_02___T19_00344.BSP
2017-08-02 17:00:23 [DEBUG] in doSync: Downloaded /pub/data/SPICE//ROSETTA/kernels/spk/CORB_DV_257_02___T19_00344.BSP no such file found locally
2017-08-02 17:00:23 [DEBUG] in doSync: Processing /pub/data/SPICE//ROSETTA/kernels/spk/ROS_STRUCT_V5.BSP
2017-08-02 17:00:23 [DEBUG] in doSync: Downloaded /pub/data/SPICE//ROSETTA/kernels/spk/ROS_STRUCT_V5.BSP no such file found locally
2017-08-02 17:00:23 [DEBUG] in doSync: Processing /pub/data/SPICE//ROSETTA/kernels/spk/former_versions/LORB_DV_145_01___T19_00216.BSP
2017-08-02 17:00:28 [DEBUG] in doSync: Downloaded /pub/data/SPICE//ROSETTA/kernels/spk/former_versions/LORB_DV_145_01___T19_00216.BSP no such file found locally
2017-08-02 17:00:28 [DEBUG] in doSync: Processing /pub/data/SPICE//ROSETTA/kernels/spk/former_versions/LORB_DV_223_01___T19_00302.BSP
2017-08-02 17:00:31 [DEBUG] in doSync: Downloaded /pub/data/SPICE//ROSETTA/kernels/spk/former_versions/LORB_DV_223_01___T19_00302.BSP no such file found locally
2017-08-02 17:00:31 [DEBUG] in doSync: Processing /pub/data/SPICE//ROSETTA/kernels/spk/LORB_DV_236_01___T19_00318.BSP
2017-08-02 17:00:32 [DEBUG] in doSync: Downloaded /pub/data/SPICE//ROSETTA/kernels/spk/LORB_DV_236_01___T19_00318.BSP no such file found locally
2017-08-02 17:00:32 [DEBUG] in doSync: Processing /pub/data/SPICE//ROSETTA/kernels/spk/ORHR___________T19_00122.BSP
2017-08-02 17:00:35 [DEBUG] in doSync: Downloaded /pub/data/SPICE//ROSETTA/kernels/spk/ORHR___________T19_00122.BSP no such file found locally
2017-08-02 17:00:35 [DEBUG] in doSync: Processing /pub/data/SPICE//ROSETTA/kernels/spk/former_versions/RORB_DV_145_01___T19_00216.BSP
2017-08-02 17:00:42 [DEBUG] in doSync: Downloaded /pub/data/SPICE//ROSETTA/kernels/spk/former_versions/RORB_DV_145_01___T19_00216.BSP no such file found locally
2017-08-02 17:00:42 [DEBUG] in doSync: Processing /pub/data/SPICE//ROSETTA/kernels/spk/former_versions/RORB_DV_223_01___T19_00302.BSP
2017-08-02 17:00:51 [DEBUG] in doSync: Downloaded /pub/data/SPICE//ROSETTA/kernels/spk/former_versions/RORB_DV_223_01___T19_00302.BSP no such file found locally
2017-08-02 17:00:51 [DEBUG] in doSync: Processing /pub/data/SPICE//ROSETTA/kernels/spk/RORB_DV_257_02___T19_00344.BSP
2017-08-02 17:01:01 [DEBUG] in doSync: Downloaded /pub/data/SPICE//ROSETTA/kernels/spk/RORB_DV_257_02___T19_00344.BSP no such file found locally
2017-08-02 17:01:01 [DEBUG] in doSync: Processing /pub/data/SPICE//ROSETTA/kernels/spk/ROS_ORBITER_EXTENSION_V1.BSP
2017-08-02 17:01:01 [DEBUG] in doSync: Downloaded /pub/data/SPICE//ROSETTA/kernels/spk/ROS_ORBITER_EXTENSION_V1.BSP no such file found locally
2017-08-02 17:01:01 [DEBUG] in doSync: Processing /pub/data/SPICE//ROSETTA/kernels/ck/ROS_LBOOM_V0.BC
2017-08-02 17:01:02 [DEBUG] in doSync: Downloaded /pub/data/SPICE//ROSETTA/kernels/ck/ROS_LBOOM_V0.BC no such file found locally
2017-08-02 17:01:02 [DEBUG] in doSync: Processing /pub/data/SPICE//ROSETTA/kernels/ck/ROS_HGA_2004_V0001.BC
2017-08-02 17:01:03 [DEBUG] in doSync: Downloaded /pub/data/SPICE//ROSETTA/kernels/ck/ROS_HGA_2004_V0001.BC no such file found locally
2017-08-02 17:01:03 [DEBUG] in doSync: Processing /pub/data/SPICE//ROSETTA/kernels/ck/ROS_HGA_2005_V0001.BC
2017-08-02 17:01:03 [DEBUG] in doSync: Downloaded /pub/data/SPICE//ROSETTA/kernels/ck/ROS_HGA_2005_V0001.BC no such file found locally
2017-08-02 17:01:03 [DEBUG] in doSync: Processing /pub/data/SPICE//ROSETTA/kernels/ck/ROS_HGA_2006_V0001.BC
2017-08-02 17:01:03 [DEBUG] in doSync: Downloaded /pub/data/SPICE//ROSETTA/kernels/ck/ROS_HGA_2006_V0001.BC no such file found locally
2017-08-02 17:01:03 [DEBUG] in doSync: Processing /pub/data/SPICE//ROSETTA/kernels/ck/ROS_HGA_2007_V0001.BC
2017-08-02 17:01:03 [DEBUG] in doSync: Downloaded /pub/data/SPICE//ROSETTA/kernels/ck/ROS_HGA_2007_V0001.BC no such file found locally
2017-08-02 17:01:03 [DEBUG] in doSync: Processing /pub/data/SPICE//ROSETTA/kernels/ck/ROS_HGA_2008_V0019.BC
2017-08-02 17:01:04 [DEBUG] in doSync: Downloaded /pub/data/SPICE//ROSETTA/kernels/ck/ROS_HGA_2008_V0019.BC no such file found locally
2017-08-02 17:01:04 [DEBUG] in doSync: Processing /pub/data/SPICE//ROSETTA/kernels/ck/ROS_HGA_2009_V0052.BC
2017-08-02 17:01:04 [DEBUG] in doSync: Downloaded /pub/data/SPICE//ROSETTA/kernels/ck/ROS_HGA_2009_V0052.BC no such file found locally
2017-08-02 17:01:04 [DEBUG] in doSync: Processing /pub/data/SPICE//ROSETTA/kernels/ck/ROS_HGA_2010_V0046.BC
2017-08-02 17:01:04 [DEBUG] in doSync: Downloaded /pub/data/SPICE//ROSETTA/kernels/ck/ROS_HGA_2010_V0046.BC no such file found locally
2017-08-02 17:01:04 [DEBUG] in doSync: Processing /pub/data/SPICE//ROSETTA/kernels/ck/ROS_HGA_2011_V0018.BC
2017-08-02 17:01:04 [DEBUG] in doSync: Downloaded /pub/data/SPICE//ROSETTA/kernels/ck/ROS_HGA_2011_V0018.BC no such file found locally
2017-08-02 17:01:04 [DEBUG] in doSync: Processing /pub/data/SPICE//ROSETTA/kernels/ck/ROS_HGA_2014_V0044.BC
2017-08-02 17:01:08 [DEBUG] in doSync: Downloaded /pub/data/SPICE//ROSETTA/kernels/ck/ROS_HGA_2014_V0044.BC no such file found locally
2017-08-02 17:01:08 [DEBUG] in doSync: Processing /pub/data/SPICE//ROSETTA/kernels/ck/ROS_HGA_2015_V0053.BC
2017-08-02 17:01:13 [DEBUG] in doSync: Downloaded /pub/data/SPICE//ROSETTA/kernels/ck/ROS_HGA_2015_V0053.BC no such file found locally
2017-08-02 17:01:13 [DEBUG] in doSync: Processing /pub/data/SPICE//ROSETTA/kernels/ck/ROS_HGA_2016_V0042.BC
2017-08-02 17:01:20 [DEBUG] in doSync: Downloaded /pub/data/SPICE//ROSETTA/kernels/ck/ROS_HGA_2016_V0042.BC no such file found locally
2017-08-02 17:01:20 [DEBUG] in doSync: Processing /pub/data/SPICE//ROSETTA/kernels/ck/ROS_SA_2004_V0001.BC
2017-08-02 17:01:21 [DEBUG] in doSync: Downloaded /pub/data/SPICE//ROSETTA/kernels/ck/ROS_SA_2004_V0001.BC no such file found locally
2017-08-02 17:01:21 [DEBUG] in doSync: Processing /pub/data/SPICE//ROSETTA/kernels/ck/ROS_SA_2005_V0001.BC
2017-08-02 17:01:22 [DEBUG] in doSync: Downloaded /pub/data/SPICE//ROSETTA/kernels/ck/ROS_SA_2005_V0001.BC no such file found locally
2017-08-02 17:01:22 [DEBUG] in doSync: Processing /pub/data/SPICE//ROSETTA/kernels/ck/ROS_SA_2006_V0001.BC
2017-08-02 17:01:23 [DEBUG] in doSync: Downloaded /pub/data/SPICE//ROSETTA/kernels/ck/ROS_SA_2006_V0001.BC no such file found locally
2017-08-02 17:01:23 [DEBUG] in doSync: Processing /pub/data/SPICE//ROSETTA/kernels/ck/ROS_SA_2007_V0001.BC
2017-08-02 17:01:23 [DEBUG] in doSync: Downloaded /pub/data/SPICE//ROSETTA/kernels/ck/ROS_SA_2007_V0001.BC no such file found locally
2017-08-02 17:01:23 [DEBUG] in doSync: Processing /pub/data/SPICE//ROSETTA/kernels/ck/ROS_SA_2008_V0038.BC
2017-08-02 17:01:24 [DEBUG] in doSync: Downloaded /pub/data/SPICE//ROSETTA/kernels/ck/ROS_SA_2008_V0038.BC no such file found locally
2017-08-02 17:01:24 [DEBUG] in doSync: Processing /pub/data/SPICE//ROSETTA/kernels/ck/ROS_SA_2009_V0054.BC
2017-08-02 17:01:24 [DEBUG] in doSync: Downloaded /pub/data/SPICE//ROSETTA/kernels/ck/ROS_SA_2009_V0054.BC no such file found locally
2017-08-02 17:01:24 [DEBUG] in doSync: Processing /pub/data/SPICE//ROSETTA/kernels/ck/ROS_SA_2010_V0052.BC
2017-08-02 17:01:25 [DEBUG] in doSync: Downloaded /pub/data/SPICE//ROSETTA/kernels/ck/ROS_SA_2010_V0052.BC no such file found locally
2017-08-02 17:01:25 [DEBUG] in doSync: Processing /pub/data/SPICE//ROSETTA/kernels/ck/ROS_SA_2011_V0020.BC
2017-08-02 17:01:25 [DEBUG] in doSync: Downloaded /pub/data/SPICE//ROSETTA/kernels/ck/ROS_SA_2011_V0020.BC no such file found locally
2017-08-02 17:01:25 [DEBUG] in doSync: Processing /pub/data/SPICE//ROSETTA/kernels/ck/ROS_SA_2014_V0047.BC
2017-08-02 17:01:29 [DEBUG] in doSync: Downloaded /pub/data/SPICE//ROSETTA/kernels/ck/ROS_SA_2014_V0047.BC no such file found locally
2017-08-02 17:01:29 [DEBUG] in doSync: Processing /pub/data/SPICE//ROSETTA/kernels/ck/ROS_SA_2015_V0042.BC
2017-08-02 17:01:36 [DEBUG] in doSync: Downloaded /pub/data/SPICE//ROSETTA/kernels/ck/ROS_SA_2015_V0042.BC no such file found locally
2017-08-02 17:01:36 [DEBUG] in doSync: Processing /pub/data/SPICE//ROSETTA/kernels/ck/ROS_SA_2016_V0041.BC
2017-08-02 17:01:45 [DEBUG] in doSync: Downloaded /pub/data/SPICE//ROSETTA/kernels/ck/ROS_SA_2016_V0041.BC no such file found locally
2017-08-02 17:01:45 [DEBUG] in doSync: Processing /pub/data/SPICE//ROSETTA/kernels/ck/ROS_VIRTIS_M_0403_1509_V1.BC
2017-08-02 17:01:49 [DEBUG] in doSync: Downloaded /pub/data/SPICE//ROSETTA/kernels/ck/ROS_VIRTIS_M_0403_1509_V1.BC no such file found locally
2017-08-02 17:01:49 [DEBUG] in doSync: Processing /pub/data/SPICE//ROSETTA/kernels/ck/ROS_VIRTIS_M_1509_1609_V1.BC
2017-08-02 17:01:52 [DEBUG] in doSync: Downloaded /pub/data/SPICE//ROSETTA/kernels/ck/ROS_VIRTIS_M_1509_1609_V1.BC no such file found locally
2017-08-02 17:01:52 [DEBUG] in doSync: Processing /pub/data/SPICE//ROSETTA/kernels/ck/ATNR_P040302093352_T6_00127.BC
2017-08-02 17:01:52 [DEBUG] in doSync: Downloaded /pub/data/SPICE//ROSETTA/kernels/ck/ATNR_P040302093352_T6_00127.BC no such file found locally
2017-08-02 17:01:52 [DEBUG] in doSync: Processing /pub/data/SPICE//ROSETTA/kernels/ck/former_versions/RATT_DV_145_01_01_T6_00216.BC
2017-08-02 17:01:56 [DEBUG] in doSync: Downloaded /pub/data/SPICE//ROSETTA/kernels/ck/former_versions/RATT_DV_145_01_01_T6_00216.BC no such file found locally
2017-08-02 17:01:56 [DEBUG] in doSync: Processing /pub/data/SPICE//ROSETTA/kernels/ck/former_versions/RATT_DV_223_01_01_T6_00302.BC
2017-08-02 17:01:57 [DEBUG] in doSync: Downloaded /pub/data/SPICE//ROSETTA/kernels/ck/former_versions/RATT_DV_223_01_01_T6_00302.BC no such file found locally
2017-08-02 17:01:57 [DEBUG] in doSync: Processing /pub/data/SPICE//ROSETTA/kernels/ck/RATT_DV_257_02_01_T6_00344.BC
2017-08-02 17:01:59 [DEBUG] in doSync: Downloaded /pub/data/SPICE//ROSETTA/kernels/ck/RATT_DV_257_02_01_T6_00344.BC no such file found locally
2017-08-02 17:01:59 [DEBUG] in doSync: Processing /pub/data/SPICE//ROSETTA/kernels/ck/former_versions/CATT_DV_145_01_______00216.BC
2017-08-02 17:01:59 [DEBUG] in doSync: Downloaded /pub/data/SPICE//ROSETTA/kernels/ck/former_versions/CATT_DV_145_01_______00216.BC no such file found locally
2017-08-02 17:01:59 [DEBUG] in doSync: Processing /pub/data/SPICE//ROSETTA/kernels/ck/former_versions/CATT_DV_223_01_______00302.BC
2017-08-02 17:02:00 [DEBUG] in doSync: Downloaded /pub/data/SPICE//ROSETTA/kernels/ck/former_versions/CATT_DV_223_01_______00302.BC no such file found locally
2017-08-02 17:02:00 [DEBUG] in doSync: Processing /pub/data/SPICE//ROSETTA/kernels/ck/CATT_DV_257_02_______00344.BC
2017-08-02 17:02:01 [DEBUG] in doSync: Downloaded /pub/data/SPICE//ROSETTA/kernels/ck/CATT_DV_257_02_______00344.BC no such file found locally
2017-08-02 17:02:01 [DEBUG] in doSync: Processing /pub/data/SPICE//ROSETTA/kernels/ck/ROS_ORBITER_EXTENSION_V1.BC
2017-08-02 17:02:01 [DEBUG] in doSync: Downloaded /pub/data/SPICE//ROSETTA/kernels/ck/ROS_ORBITER_EXTENSION_V1.BC no such file found locally
2017-08-02 17:02:01 [DEBUG] in doSync: Processing /pub/data/SPICE//ROSETTA/kernels/mk/ROS_V030.TM
2017-08-02 17:02:01 [DEBUG] in doSync: Downloaded /pub/data/SPICE//ROSETTA/kernels/mk/ROS_V030.TM no such file found locally
2017-08-02 17:02:01 [INFO] in doSync: Done syncing. 87 files updated locally.
2017-08-02 17:02:01 [INFO] in updateMK: Updating MK with the local dir variable
2017-08-02 17:02:02 [INFO] in <module>: Execution complete

